<?xml version="1.0" encoding="UTF-8"?>
<!-- Generated by org.testng.reporters.JUnitReportReporter -->
<testsuite hostname="LAPTOP-FV1112LB" failures="0" tests="12" name="testngpack.GroupFlag" time="0.020" errors="0" timestamp="2022-06-07T08:09:35 IST" skipped="0">
  <testcase classname="testngpack.GroupFlag" name="it2" time="0.002"/>
  <system-out>
    <![CDATA[it2]]>
  </system-out>
  <testcase classname="testngpack.GroupFlag" name="it6" time="0.001"/>
  <system-out>
    <![CDATA[it6]]>
  </system-out>
  <testcase classname="testngpack.GroupFlag" name="it1" time="0.009"/>
  <system-out>
    <![CDATA[it1]]>
  </system-out>
  <testcase classname="testngpack.GroupFlag" name="st2" time="0.001"/>
  <system-out>
    <![CDATA[st2]]>
  </system-out>
  <testcase classname="testngpack.GroupFlag" name="st3" time="0.000"/>
  <system-out>
    <![CDATA[st3]]>
  </system-out>
  <testcase classname="testngpack.GroupFlag" name="st4" time="0.001"/>
  <system-out>
    <![CDATA[st4]]>
  </system-out>
  <testcase classname="testngpack.GroupFlag" name="st6" time="0.001"/>
  <system-out>
    <![CDATA[st6]]>
  </system-out>
  <testcase classname="testngpack.GroupFlag" name="it5" time="0.002"/>
  <system-out>
    <![CDATA[it5]]>
  </system-out>
  <testcase classname="testngpack.GroupFlag" name="st5" time="0.000"/>
  <system-out>
    <![CDATA[st5]]>
  </system-out>
  <testcase classname="testngpack.GroupFlag" name="st1" time="0.001"/>
  <system-out>
    <![CDATA[st1]]>
  </system-out>
  <testcase classname="testngpack.GroupFlag" name="it3" time="0.001"/>
  <system-out>
    <![CDATA[it3]]>
  </system-out>
  <testcase classname="testngpack.GroupFlag" name="it4" time="0.001"/>
  <system-out>
    <![CDATA[it4]]>
  </system-out>
</testsuite> <!-- testngpack.GroupFlag -->
