<?xml version="1.0" encoding="UTF-8"?>
<!-- Generated by org.testng.reporters.JUnitReportReporter -->
<testsuite hostname="LAPTOP-FV1112LB" failures="0" tests="2" name="testngpack.DependsOnMethod" time="0.007" errors="0" timestamp="2022-06-06T21:43:43 IST" skipped="0">
  <testcase classname="testngpack.DependsOnMethod" name="a" time="0.001"/>
  <system-out>
    <![CDATA[a]]>
  </system-out>
  <testcase classname="testngpack.DependsOnMethod" name="b" time="0.006"/>
  <system-out>
    <![CDATA[b method]]>
  </system-out>
</testsuite> <!-- testngpack.DependsOnMethod -->
