<?xml version="1.0" encoding="UTF-8"?>
<!-- Generated by org.testng.reporters.JUnitReportReporter -->
<testsuite hostname="LAPTOP-FV1112LB" failures="0" tests="3" name="package1.sampleTestNG2" time="0.009" errors="0" timestamp="2022-08-03T14:44:46 IST" skipped="0">
  <testcase classname="package1.sampleTestNG2" name="modifyorganisation" time="0.007"/>
  <system-out/>
  <testcase classname="package1.sampleTestNG2" name="createorganisation" time="0.001"/>
  <system-out/>
  <testcase classname="package1.sampleTestNG2" name="deleteorganisation" time="0.001"/>
  <system-out/>
</testsuite> <!-- package1.sampleTestNG2 -->
