<?xml version="1.0" encoding="UTF-8"?>
<!-- Generated by org.testng.reporters.JUnitReportReporter -->
<testsuite hostname="LAPTOP-FV1112LB" failures="0" tests="7" name="package1.Sample" time="0.010" errors="0" timestamp="2022-08-03T14:45:56 IST" skipped="0">
  <testcase classname="package1.Sample" name="modifycontact" time="0.000"/>
  <system-out/>
  <testcase classname="package1.Sample" name="modifycontact" time="0.000"/>
  <system-out/>
  <testcase classname="package1.Sample" name="createcontat" time="0.007"/>
  <system-out/>
  <testcase classname="package1.Sample" name="modifycontact" time="0.001"/>
  <system-out/>
  <testcase classname="package1.Sample" name="deletecontact" time="0.001"/>
  <system-out/>
  <testcase classname="package1.Sample" name="modifycontact" time="0.000"/>
  <system-out/>
  <testcase classname="package1.Sample" name="modifycontact" time="0.001"/>
  <system-out/>
</testsuite> <!-- package1.Sample -->
