<?xml version="1.0" encoding="UTF-8"?>
<!-- Generated by org.testng.reporters.JUnitReportReporter -->
<testsuite hostname="LAPTOP-FV1112LB" failures="0" tests="5" name="package1.DataProviderTest" time="0.013" errors="0" timestamp="2022-08-03T15:46:28 IST" skipped="0">
  <testcase classname="package1.DataProviderTest" name="bookticket" time="0.002"/>
  <system-out/>
  <testcase classname="package1.DataProviderTest" name="bookticket" time="0.002"/>
  <system-out/>
  <testcase classname="package1.DataProviderTest" name="bookticket" time="0.000"/>
  <system-out/>
  <testcase classname="package1.DataProviderTest" name="bookticket" time="0.001"/>
  <system-out/>
  <testcase classname="package1.DataProviderTest" name="bookticket" time="0.008"/>
  <system-out/>
</testsuite> <!-- package1.DataProviderTest -->
