<?xml version="1.0" encoding="UTF-8"?>
<!-- Generated by org.testng.reporters.JUnitReportReporter -->
<testsuite hostname="LAPTOP-FV1112LB" failures="0" tests="2" name="package1.Softassert" time="0.010" errors="0" timestamp="2022-08-08T17:10:25 IST" skipped="0">
  <testcase classname="package1.Softassert" name="createcontacttest" time="0.009"/>
  <system-out/>
  <testcase classname="package1.Softassert" name="modifycontacttest" time="0.001"/>
  <system-out/>
</testsuite> <!-- package1.Softassert -->
