<?xml version="1.0" encoding="UTF-8"?>
<!-- Generated by org.testng.reporters.JUnitReportReporter -->
<testsuite hostname="LAPTOP-FV1112LB" failures="0" tests="1" name="com.crm.Sdet.Campaign.CreateCampaignWithProduct" time="26.788" errors="0" timestamp="2022-08-12T10:04:30 IST" skipped="0">
  <testcase classname="com.crm.Sdet.Campaign.CreateCampaignWithProduct" name="createcampaignwithproduct" time="26.788"/>
  <system-out/>
</testsuite> <!-- com.crm.Sdet.Campaign.CreateCampaignWithProduct -->
