<?xml version="1.0" encoding="UTF-8"?>
<!-- Generated by org.testng.reporters.JUnitReportReporter -->
<testsuite hostname="LAPTOP-FV1112LB" failures="0" tests="1" name="com.crm.Sdet.Campaign.CreateCampaignWithProductAndDeleteProduct" time="42.028" errors="0" timestamp="2022-08-09T10:34:33 IST" skipped="0">
  <testcase classname="com.crm.Sdet.Campaign.CreateCampaignWithProductAndDeleteProduct" name="createcampaignwithproductanddelete" time="42.028"/>
  <system-out/>
</testsuite> <!-- com.crm.Sdet.Campaign.CreateCampaignWithProductAndDeleteProduct -->
