<?xml version="1.0" encoding="UTF-8"?>
<!-- Generated by org.testng.reporters.JUnitReportReporter -->
<testsuite hostname="LAPTOP-FV1112LB" failures="0" tests="1" name="package1.Remo" time="0.007" errors="0" timestamp="2022-08-08T16:21:38 IST" skipped="0">
  <testcase classname="package1.Remo" name="createcampaign" time="0.007"/>
  <system-out/>
</testsuite> <!-- package1.Remo -->
