<?xml version="1.0" encoding="UTF-8"?>
<!-- Generated by org.testng.reporters.JUnitReportReporter -->
<testsuite hostname="LAPTOP-FV1112LB" failures="0" tests="1" name="com.crm.Sdet.Campaign.CreateCampaignTest" time="48.327" errors="0" timestamp="2022-08-12T10:02:50 IST" skipped="0">
  <testcase classname="com.crm.Sdet.Campaign.CreateCampaignTest" name="createcampaign" time="48.327"/>
  <system-out/>
</testsuite> <!-- com.crm.Sdet.Campaign.CreateCampaignTest -->
