<?xml version="1.0" encoding="UTF-8"?>
<!-- Generated by org.testng.reporters.JUnitReportReporter -->
<testsuite hostname="LAPTOP-FV1112LB" failures="0" tests="1" name="com.crm.Sdet.Campaign.CreateCampaign" time="27.654" errors="0" timestamp="2022-08-11T20:44:41 IST" skipped="0">
  <testcase classname="com.crm.Sdet.Campaign.CreateCampaign" name="createcampaign" time="27.654"/>
  <system-out/>
</testsuite> <!-- com.crm.Sdet.Campaign.CreateCampaign -->
